{"/Users/taylorstackpole/github/getDate/source/constants.ts": {"path":"/Users/taylorstackpole/github/getDate/source/constants.ts","statementMap":{"0":{"start":{"line":4,"column":13},"end":{"line":4,"column":null}},"1":{"start":{"line":8,"column":13},"end":{"line":8,"column":null}},"2":{"start":{"line":12,"column":13},"end":{"line":12,"column":null}},"3":{"start":{"line":16,"column":13},"end":{"line":16,"column":null}},"4":{"start":{"line":20,"column":13},"end":{"line":20,"column":null}}},"fnMap":{},"branchMap":{},"s":{"0":22,"1":22,"2":22,"3":22,"4":22},"f":{},"b":{}}
,"/Users/taylorstackpole/github/getDate/source/index.ts": {"path":"/Users/taylorstackpole/github/getDate/source/index.ts","statementMap":{"0":{"start":{"line":1,"column":0},"end":{"line":1,"column":25}},"1":{"start":{"line":2,"column":0},"end":{"line":2,"column":26}},"2":{"start":{"line":3,"column":0},"end":{"line":3,"column":22}},"3":{"start":{"line":4,"column":0},"end":{"line":4,"column":27}},"4":{"start":{"line":5,"column":0},"end":{"line":5,"column":27}},"5":{"start":{"line":6,"column":0},"end":{"line":6,"column":26}}},"fnMap":{},"branchMap":{},"s":{"0":0,"1":0,"2":0,"3":0,"4":0,"5":0},"f":{},"b":{}}
,"/Users/taylorstackpole/github/getDate/source/types.ts": {"path":"/Users/taylorstackpole/github/getDate/source/types.ts","statementMap":{"0":{"start":{"line":1,"column":0},"end":{"line":1,"column":68}},"1":{"start":{"line":5,"column":0},"end":{"line":5,"column":null}},"2":{"start":{"line":9,"column":2},"end":{"line":9,"column":null}},"3":{"start":{"line":13,"column":2},"end":{"line":13,"column":null}},"4":{"start":{"line":17,"column":2},"end":{"line":17,"column":null}},"5":{"start":{"line":21,"column":2},"end":{"line":21,"column":null}},"6":{"start":{"line":25,"column":2},"end":{"line":25,"column":null}}},"fnMap":{"0":{"name":"(anonymous_0)","decl":{"start":{"line":5,"column":0},"end":{"line":5,"column":12}},"loc":{"start":{"line":5,"column":21},"end":{"line":26,"column":1}}}},"branchMap":{"0":{"loc":{"start":{"line":5,"column":12},"end":{"line":5,"column":21}},"type":"binary-expr","locations":[{"start":{"line":5,"column":12},"end":{"line":5,"column":21}},{"start":{"line":5,"column":12},"end":{"line":5,"column":null}}]}},"s":{"0":22,"1":22,"2":22,"3":22,"4":22,"5":22,"6":22},"f":{"0":22},"b":{"0":[22,22]}}
,"/Users/taylorstackpole/github/getDate/source/equality/index.ts": {"path":"/Users/taylorstackpole/github/getDate/source/equality/index.ts","statementMap":{"0":{"start":{"line":1,"column":0},"end":{"line":1,"column":25}},"1":{"start":{"line":2,"column":0},"end":{"line":2,"column":26}},"2":{"start":{"line":3,"column":0},"end":{"line":3,"column":25}}},"fnMap":{},"branchMap":{},"s":{"0":1,"1":1,"2":1},"f":{},"b":{}}
,"/Users/taylorstackpole/github/getDate/source/equality/isAfter.ts": {"path":"/Users/taylorstackpole/github/getDate/source/equality/isAfter.ts","statementMap":{"0":{"start":{"line":2,"column":0},"end":{"line":2,"column":46}},"1":{"start":{"line":8,"column":23},"end":{"line":14,"column":1}},"2":{"start":{"line":12,"column":19},"end":{"line":12,"column":44}},"3":{"start":{"line":12,"column":11},"end":{"line":12,"column":13}},"4":{"start":{"line":12,"column":15},"end":{"line":12,"column":19}},"5":{"start":{"line":13,"column":2},"end":{"line":13,"column":null}},"6":{"start":{"line":8,"column":13},"end":{"line":8,"column":23}}},"fnMap":{"0":{"name":"(anonymous_0)","decl":{"start":{"line":8,"column":23},"end":{"line":8,"column":null}},"loc":{"start":{"line":10,"column":31},"end":{"line":14,"column":1}}}},"branchMap":{},"s":{"0":8,"1":8,"2":33,"3":33,"4":33,"5":33,"6":8},"f":{"0":33},"b":{}}
,"/Users/taylorstackpole/github/getDate/source/equality/isBefore.ts": {"path":"/Users/taylorstackpole/github/getDate/source/equality/isBefore.ts","statementMap":{"0":{"start":{"line":2,"column":0},"end":{"line":2,"column":46}},"1":{"start":{"line":8,"column":24},"end":{"line":14,"column":1}},"2":{"start":{"line":12,"column":19},"end":{"line":12,"column":44}},"3":{"start":{"line":12,"column":11},"end":{"line":12,"column":13}},"4":{"start":{"line":12,"column":15},"end":{"line":12,"column":19}},"5":{"start":{"line":13,"column":2},"end":{"line":13,"column":null}},"6":{"start":{"line":8,"column":13},"end":{"line":8,"column":24}}},"fnMap":{"0":{"name":"(anonymous_0)","decl":{"start":{"line":8,"column":24},"end":{"line":8,"column":null}},"loc":{"start":{"line":10,"column":31},"end":{"line":14,"column":1}}}},"branchMap":{},"s":{"0":8,"1":8,"2":33,"3":33,"4":33,"5":33,"6":8},"f":{"0":33},"b":{}}
,"/Users/taylorstackpole/github/getDate/source/equality/isEqual.ts": {"path":"/Users/taylorstackpole/github/getDate/source/equality/isEqual.ts","statementMap":{"0":{"start":{"line":2,"column":0},"end":{"line":2,"column":46}},"1":{"start":{"line":9,"column":23},"end":{"line":15,"column":1}},"2":{"start":{"line":13,"column":19},"end":{"line":13,"column":44}},"3":{"start":{"line":13,"column":11},"end":{"line":13,"column":13}},"4":{"start":{"line":13,"column":15},"end":{"line":13,"column":19}},"5":{"start":{"line":14,"column":2},"end":{"line":14,"column":null}},"6":{"start":{"line":9,"column":13},"end":{"line":9,"column":23}}},"fnMap":{"0":{"name":"(anonymous_0)","decl":{"start":{"line":9,"column":23},"end":{"line":9,"column":null}},"loc":{"start":{"line":11,"column":31},"end":{"line":15,"column":1}}}},"branchMap":{},"s":{"0":2,"1":2,"2":3,"3":3,"4":3,"5":3,"6":2},"f":{"0":3},"b":{}}
,"/Users/taylorstackpole/github/getDate/source/getters/getDate.ts": {"path":"/Users/taylorstackpole/github/getDate/source/getters/getDate.ts","statementMap":{"0":{"start":{"line":8,"column":23},"end":{"line":11,"column":1}},"1":{"start":{"line":8,"column":24},"end":{"line":8,"column":null}},"2":{"start":{"line":9,"column":2},"end":{"line":9,"column":null}},"3":{"start":{"line":9,"column":30},"end":{"line":9,"column":43}},"4":{"start":{"line":10,"column":2},"end":{"line":10,"column":null}},"5":{"start":{"line":8,"column":13},"end":{"line":8,"column":23}}},"fnMap":{"0":{"name":"(anonymous_0)","decl":{"start":{"line":8,"column":23},"end":{"line":8,"column":24}},"loc":{"start":{"line":8,"column":63},"end":{"line":11,"column":1}}}},"branchMap":{"0":{"loc":{"start":{"line":8,"column":24},"end":{"line":8,"column":null}},"type":"if","locations":[{"start":{"line":8,"column":24},"end":{"line":8,"column":null}},{"start":{"line":8,"column":24},"end":{"line":8,"column":null}}]},"1":{"loc":{"start":{"line":9,"column":2},"end":{"line":9,"column":null}},"type":"if","locations":[{"start":{"line":9,"column":2},"end":{"line":9,"column":null}},{"start":{"line":9,"column":2},"end":{"line":9,"column":null}}]}},"s":{"0":33,"1":445,"2":444,"3":163,"4":281,"5":33},"f":{"0":444},"b":{"0":[1,443],"1":[163,281]}}
,"/Users/taylorstackpole/github/getDate/source/getters/getDateInputValue.ts": {"path":"/Users/taylorstackpole/github/getDate/source/getters/getDateInputValue.ts","statementMap":{"0":{"start":{"line":2,"column":0},"end":{"line":2,"column":44}},"1":{"start":{"line":3,"column":0},"end":{"line":3,"column":44}},"2":{"start":{"line":8,"column":33},"end":{"line":14,"column":1}},"3":{"start":{"line":9,"column":12},"end":{"line":9,"column":25}},"4":{"start":{"line":10,"column":14},"end":{"line":10,"column":37}},"5":{"start":{"line":11,"column":16},"end":{"line":11,"column":44}},"6":{"start":{"line":12,"column":15},"end":{"line":12,"column":33}},"7":{"start":{"line":13,"column":2},"end":{"line":13,"column":null}},"8":{"start":{"line":8,"column":13},"end":{"line":8,"column":33}}},"fnMap":{"0":{"name":"(anonymous_0)","decl":{"start":{"line":8,"column":33},"end":{"line":8,"column":34}},"loc":{"start":{"line":8,"column":60},"end":{"line":14,"column":1}}}},"branchMap":{},"s":{"0":2,"1":2,"2":2,"3":3,"4":3,"5":3,"6":3,"7":3,"8":2},"f":{"0":3},"b":{}}
,"/Users/taylorstackpole/github/getDate/source/getters/getDates.ts": {"path":"/Users/taylorstackpole/github/getDate/source/getters/getDates.ts","statementMap":{"0":{"start":{"line":2,"column":0},"end":{"line":2,"column":35}},"1":{"start":{"line":7,"column":24},"end":{"line":8,"column":7}},"2":{"start":{"line":7,"column":25},"end":{"line":7,"column":57}},"3":{"start":{"line":8,"column":2},"end":{"line":8,"column":null}},"4":{"start":{"line":8,"column":44},"end":{"line":8,"column":58}},"5":{"start":{"line":7,"column":13},"end":{"line":7,"column":24}}},"fnMap":{"0":{"name":"(anonymous_0)","decl":{"start":{"line":7,"column":24},"end":{"line":7,"column":25}},"loc":{"start":{"line":7,"column":24},"end":{"line":8,"column":7}}},"1":{"name":"(anonymous_1)","decl":{"start":{"line":8,"column":12},"end":{"line":8,"column":13}},"loc":{"start":{"line":8,"column":39},"end":{"line":8,"column":51}}}},"branchMap":{},"s":{"0":12,"1":12,"2":401,"3":100,"4":201,"5":12},"f":{"0":100,"1":201},"b":{}}
,"/Users/taylorstackpole/github/getDate/source/getters/getDatetimeLocalInputValue.ts": {"path":"/Users/taylorstackpole/github/getDate/source/getters/getDatetimeLocalInputValue.ts","statementMap":{"0":{"start":{"line":2,"column":0},"end":{"line":2,"column":35}},"1":{"start":{"line":3,"column":0},"end":{"line":3,"column":55}},"2":{"start":{"line":4,"column":0},"end":{"line":4,"column":47}},"3":{"start":{"line":9,"column":42},"end":{"line":12,"column":1}},"4":{"start":{"line":10,"column":12},"end":{"line":10,"column":25}},"5":{"start":{"line":11,"column":2},"end":{"line":11,"column":null}},"6":{"start":{"line":9,"column":13},"end":{"line":9,"column":42}}},"fnMap":{"0":{"name":"(anonymous_0)","decl":{"start":{"line":9,"column":42},"end":{"line":9,"column":43}},"loc":{"start":{"line":9,"column":69},"end":{"line":12,"column":1}}}},"branchMap":{},"s":{"0":1,"1":1,"2":1,"3":1,"4":0,"5":0,"6":1},"f":{"0":0},"b":{}}
,"/Users/taylorstackpole/github/getDate/source/getters/getStartOfDay.ts": {"path":"/Users/taylorstackpole/github/getDate/source/getters/getStartOfDay.ts","statementMap":{"0":{"start":{"line":2,"column":0},"end":{"line":2,"column":35}},"1":{"start":{"line":8,"column":29},"end":{"line":11,"column":1}},"2":{"start":{"line":8,"column":30},"end":{"line":8,"column":null}},"3":{"start":{"line":9,"column":21},"end":{"line":9,"column":57}},"4":{"start":{"line":10,"column":2},"end":{"line":10,"column":null}},"5":{"start":{"line":8,"column":13},"end":{"line":8,"column":29}}},"fnMap":{"0":{"name":"(anonymous_0)","decl":{"start":{"line":8,"column":29},"end":{"line":8,"column":30}},"loc":{"start":{"line":8,"column":69},"end":{"line":11,"column":1}}}},"branchMap":{"0":{"loc":{"start":{"line":8,"column":30},"end":{"line":8,"column":null}},"type":"if","locations":[{"start":{"line":8,"column":30},"end":{"line":8,"column":null}},{"start":{"line":8,"column":30},"end":{"line":8,"column":null}}]}},"s":{"0":2,"1":2,"2":9,"3":6,"4":6,"5":2},"f":{"0":6},"b":{"0":[3,3]}}
,"/Users/taylorstackpole/github/getDate/source/getters/getTime.ts": {"path":"/Users/taylorstackpole/github/getDate/source/getters/getTime.ts","statementMap":{"0":{"start":{"line":2,"column":0},"end":{"line":2,"column":44}},"1":{"start":{"line":4,"column":23},"end":{"line":6,"column":6}},"2":{"start":{"line":6,"column":5},"end":{"line":6,"column":null}},"3":{"start":{"line":4,"column":13},"end":{"line":4,"column":23}}},"fnMap":{"0":{"name":"(anonymous_0)","decl":{"start":{"line":4,"column":23},"end":{"line":4,"column":null}},"loc":{"start":{"line":5,"column":28},"end":{"line":6,"column":6}}}},"branchMap":{"0":{"loc":{"start":{"line":6,"column":33},"end":{"line":6,"column":37}},"type":"cond-expr","locations":[{"start":{"line":6,"column":33},"end":{"line":6,"column":37}},{"start":{"line":6,"column":40},"end":{"line":6,"column":63}}]}},"s":{"0":2,"1":2,"2":3,"3":2},"f":{"0":3},"b":{"0":[1,2]}}
,"/Users/taylorstackpole/github/getDate/source/getters/getTimeString.ts": {"path":"/Users/taylorstackpole/github/getDate/source/getters/getTimeString.ts","statementMap":{"0":{"start":{"line":2,"column":0},"end":{"line":2,"column":36}},"1":{"start":{"line":3,"column":0},"end":{"line":3,"column":35}},"2":{"start":{"line":8,"column":29},"end":{"line":15,"column":1}},"3":{"start":{"line":9,"column":12},"end":{"line":9,"column":25}},"4":{"start":{"line":10,"column":16},"end":{"line":10,"column":40}},"5":{"start":{"line":11,"column":18},"end":{"line":11,"column":44}},"6":{"start":{"line":12,"column":18},"end":{"line":12,"column":44}},"7":{"start":{"line":13,"column":23},"end":{"line":13,"column":57}},"8":{"start":{"line":14,"column":2},"end":{"line":14,"column":null}},"9":{"start":{"line":8,"column":13},"end":{"line":8,"column":29}}},"fnMap":{"0":{"name":"(anonymous_0)","decl":{"start":{"line":8,"column":29},"end":{"line":8,"column":30}},"loc":{"start":{"line":8,"column":56},"end":{"line":15,"column":1}}}},"branchMap":{},"s":{"0":2,"1":2,"2":2,"3":3,"4":3,"5":3,"6":3,"7":3,"8":3,"9":2},"f":{"0":3},"b":{}}
,"/Users/taylorstackpole/github/getDate/source/getters/index.ts": {"path":"/Users/taylorstackpole/github/getDate/source/getters/index.ts","statementMap":{"0":{"start":{"line":1,"column":0},"end":{"line":1,"column":25}},"1":{"start":{"line":2,"column":0},"end":{"line":2,"column":35}},"2":{"start":{"line":3,"column":0},"end":{"line":3,"column":26}},"3":{"start":{"line":4,"column":0},"end":{"line":4,"column":44}},"4":{"start":{"line":5,"column":0},"end":{"line":5,"column":25}},"5":{"start":{"line":6,"column":0},"end":{"line":6,"column":31}},"6":{"start":{"line":7,"column":0},"end":{"line":7,"column":31}}},"fnMap":{},"branchMap":{},"s":{"0":1,"1":1,"2":1,"3":1,"4":1,"5":1,"6":1},"f":{},"b":{}}
,"/Users/taylorstackpole/github/getDate/source/helpers/index.ts": {"path":"/Users/taylorstackpole/github/getDate/source/helpers/index.ts","statementMap":{"0":{"start":{"line":1,"column":0},"end":{"line":1,"column":25}},"1":{"start":{"line":2,"column":0},"end":{"line":2,"column":27}}},"fnMap":{},"branchMap":{},"s":{"0":3,"1":3},"f":{},"b":{}}
,"/Users/taylorstackpole/github/getDate/source/helpers/leftPad.ts": {"path":"/Users/taylorstackpole/github/getDate/source/helpers/leftPad.ts","statementMap":{"0":{"start":{"line":1,"column":23},"end":{"line":3,"column":1}},"1":{"start":{"line":1,"column":24},"end":{"line":1,"column":43}},"2":{"start":{"line":1,"column":43},"end":{"line":1,"column":null}},"3":{"start":{"line":2,"column":2},"end":{"line":2,"column":null}},"4":{"start":{"line":1,"column":13},"end":{"line":1,"column":23}}},"fnMap":{"0":{"name":"(anonymous_0)","decl":{"start":{"line":1,"column":23},"end":{"line":1,"column":24}},"loc":{"start":{"line":1,"column":60},"end":{"line":3,"column":1}}}},"branchMap":{"0":{"loc":{"start":{"line":1,"column":24},"end":{"line":1,"column":43}},"type":"if","locations":[{"start":{"line":1,"column":24},"end":{"line":1,"column":43}},{"start":{"line":1,"column":24},"end":{"line":1,"column":43}}]},"1":{"loc":{"start":{"line":1,"column":43},"end":{"line":1,"column":null}},"type":"if","locations":[{"start":{"line":1,"column":43},"end":{"line":1,"column":null}},{"start":{"line":1,"column":43},"end":{"line":1,"column":null}}]}},"s":{"0":5,"1":22,"2":38,"3":21,"4":5},"f":{"0":21},"b":{"0":[1,20],"1":[17,4]}}
,"/Users/taylorstackpole/github/getDate/source/helpers/pluralize.ts": {"path":"/Users/taylorstackpole/github/getDate/source/helpers/pluralize.ts","statementMap":{"0":{"start":{"line":1,"column":25},"end":{"line":3,"column":1}},"1":{"start":{"line":2,"column":2},"end":{"line":2,"column":null}},"2":{"start":{"line":1,"column":13},"end":{"line":1,"column":25}}},"fnMap":{"0":{"name":"(anonymous_0)","decl":{"start":{"line":1,"column":25},"end":{"line":1,"column":26}},"loc":{"start":{"line":1,"column":57},"end":{"line":3,"column":1}}}},"branchMap":{"0":{"loc":{"start":{"line":2,"column":46},"end":{"line":2,"column":48}},"type":"cond-expr","locations":[{"start":{"line":2,"column":46},"end":{"line":2,"column":48}},{"start":{"line":2,"column":51},"end":{"line":2,"column":54}}]}},"s":{"0":6,"1":13,"2":6},"f":{"0":13},"b":{"0":[5,8]}}
,"/Users/taylorstackpole/github/getDate/source/humanize/humanizeDay.ts": {"path":"/Users/taylorstackpole/github/getDate/source/humanize/humanizeDay.ts","statementMap":{"0":{"start":{"line":2,"column":0},"end":{"line":2,"column":44}},"1":{"start":{"line":7,"column":13},"end":{"line":7,"column":null}},"2":{"start":{"line":10,"column":25},"end":{"line":10,"column":null}},"3":{"start":{"line":10,"column":65},"end":{"line":12,"column":null}},"4":{"start":{"line":10,"column":13},"end":{"line":10,"column":25}},"5":{"start":{"line":14,"column":22},"end":{"line":14,"column":null}},"6":{"start":{"line":14,"column":62},"end":{"line":16,"column":null}},"7":{"start":{"line":14,"column":13},"end":{"line":14,"column":22}}},"fnMap":{"0":{"name":"(anonymous_0)","decl":{"start":{"line":10,"column":25},"end":{"line":10,"column":26}},"loc":{"start":{"line":10,"column":52},"end":{"line":10,"column":null}}},"1":{"name":"(anonymous_1)","decl":{"start":{"line":14,"column":22},"end":{"line":14,"column":23}},"loc":{"start":{"line":14,"column":49},"end":{"line":14,"column":null}}}},"branchMap":{},"s":{"0":2,"1":2,"2":2,"3":8,"4":2,"5":2,"6":16,"7":2},"f":{"0":8,"1":16},"b":{}}
,"/Users/taylorstackpole/github/getDate/source/humanize/humanizeMonth.ts": {"path":"/Users/taylorstackpole/github/getDate/source/humanize/humanizeMonth.ts","statementMap":{"0":{"start":{"line":2,"column":0},"end":{"line":2,"column":44}},"1":{"start":{"line":7,"column":13},"end":{"line":7,"column":null}},"2":{"start":{"line":9,"column":27},"end":{"line":9,"column":null}},"3":{"start":{"line":9,"column":67},"end":{"line":11,"column":null}},"4":{"start":{"line":9,"column":13},"end":{"line":9,"column":27}},"5":{"start":{"line":13,"column":24},"end":{"line":13,"column":null}},"6":{"start":{"line":13,"column":64},"end":{"line":15,"column":null}},"7":{"start":{"line":13,"column":13},"end":{"line":13,"column":24}}},"fnMap":{"0":{"name":"(anonymous_0)","decl":{"start":{"line":9,"column":27},"end":{"line":9,"column":28}},"loc":{"start":{"line":9,"column":54},"end":{"line":9,"column":null}}},"1":{"name":"(anonymous_1)","decl":{"start":{"line":13,"column":24},"end":{"line":13,"column":25}},"loc":{"start":{"line":13,"column":51},"end":{"line":13,"column":null}}}},"branchMap":{},"s":{"0":2,"1":2,"2":2,"3":12,"4":2,"5":2,"6":24,"7":2},"f":{"0":12,"1":24},"b":{}}
,"/Users/taylorstackpole/github/getDate/source/humanize/humanizeTimeframe.ts": {"path":"/Users/taylorstackpole/github/getDate/source/humanize/humanizeTimeframe.ts","statementMap":{"0":{"start":{"line":1,"column":0},"end":{"line":1,"column":36}},"1":{"start":{"line":4,"column":33},"end":{"line":4,"column":68}},"2":{"start":{"line":4,"column":67},"end":{"line":10,"column":null}},"3":{"start":{"line":4,"column":13},"end":{"line":4,"column":33}}},"fnMap":{"0":{"name":"(anonymous_0)","decl":{"start":{"line":4,"column":33},"end":{"line":4,"column":34}},"loc":{"start":{"line":4,"column":54},"end":{"line":4,"column":68}}}},"branchMap":{},"s":{"0":4,"1":4,"2":20,"3":4},"f":{"0":20},"b":{}}
,"/Users/taylorstackpole/github/getDate/source/humanize/index.ts": {"path":"/Users/taylorstackpole/github/getDate/source/humanize/index.ts","statementMap":{"0":{"start":{"line":1,"column":0},"end":{"line":1,"column":35}},"1":{"start":{"line":2,"column":0},"end":{"line":2,"column":31}},"2":{"start":{"line":3,"column":0},"end":{"line":3,"column":29}}},"fnMap":{},"branchMap":{},"s":{"0":1,"1":1,"2":1},"f":{},"b":{}}
,"/Users/taylorstackpole/github/getDate/source/math/addDays.ts": {"path":"/Users/taylorstackpole/github/getDate/source/math/addDays.ts","statementMap":{"0":{"start":{"line":1,"column":0},"end":{"line":1,"column":58}},"1":{"start":{"line":2,"column":0},"end":{"line":2,"column":45}},"2":{"start":{"line":8,"column":23},"end":{"line":11,"column":23}},"3":{"start":{"line":10,"column":2},"end":{"line":10,"column":null}},"4":{"start":{"line":11,"column":11},"end":{"line":11,"column":null}},"5":{"start":{"line":8,"column":13},"end":{"line":8,"column":23}}},"fnMap":{"0":{"name":"(anonymous_0)","decl":{"start":{"line":8,"column":23},"end":{"line":8,"column":null}},"loc":{"start":{"line":10,"column":18},"end":{"line":11,"column":23}}}},"branchMap":{"0":{"loc":{"start":{"line":10,"column":2},"end":{"line":10,"column":null}},"type":"if","locations":[{"start":{"line":10,"column":2},"end":{"line":10,"column":null}},{"start":{"line":10,"column":2},"end":{"line":10,"column":null}}]}},"s":{"0":3,"1":3,"2":3,"3":9,"4":8,"5":3},"f":{"0":8},"b":{"0":[1,7]}}
,"/Users/taylorstackpole/github/getDate/source/math/addHours.ts": {"path":"/Users/taylorstackpole/github/getDate/source/math/addHours.ts","statementMap":{"0":{"start":{"line":1,"column":0},"end":{"line":1,"column":58}},"1":{"start":{"line":2,"column":0},"end":{"line":2,"column":45}},"2":{"start":{"line":7,"column":24},"end":{"line":8,"column":14}},"3":{"start":{"line":7,"column":53},"end":{"line":7,"column":null}},"4":{"start":{"line":8,"column":2},"end":{"line":8,"column":null}},"5":{"start":{"line":7,"column":13},"end":{"line":7,"column":24}}},"fnMap":{"0":{"name":"(anonymous_0)","decl":{"start":{"line":7,"column":24},"end":{"line":7,"column":25}},"loc":{"start":{"line":7,"column":62},"end":{"line":8,"column":14}}}},"branchMap":{"0":{"loc":{"start":{"line":7,"column":53},"end":{"line":7,"column":null}},"type":"if","locations":[{"start":{"line":7,"column":53},"end":{"line":7,"column":null}},{"start":{"line":7,"column":53},"end":{"line":7,"column":null}}]}},"s":{"0":3,"1":3,"2":3,"3":9,"4":8,"5":3},"f":{"0":8},"b":{"0":[1,7]}}
,"/Users/taylorstackpole/github/getDate/source/math/addMilliseconds.ts": {"path":"/Users/taylorstackpole/github/getDate/source/math/addMilliseconds.ts","statementMap":{"0":{"start":{"line":1,"column":0},"end":{"line":1,"column":58}},"1":{"start":{"line":2,"column":0},"end":{"line":2,"column":45}},"2":{"start":{"line":7,"column":31},"end":{"line":8,"column":14}},"3":{"start":{"line":7,"column":60},"end":{"line":7,"column":null}},"4":{"start":{"line":8,"column":2},"end":{"line":8,"column":null}},"5":{"start":{"line":7,"column":13},"end":{"line":7,"column":31}}},"fnMap":{"0":{"name":"(anonymous_0)","decl":{"start":{"line":7,"column":31},"end":{"line":7,"column":32}},"loc":{"start":{"line":7,"column":76},"end":{"line":8,"column":14}}}},"branchMap":{"0":{"loc":{"start":{"line":7,"column":60},"end":{"line":7,"column":null}},"type":"if","locations":[{"start":{"line":7,"column":60},"end":{"line":7,"column":null}},{"start":{"line":7,"column":60},"end":{"line":7,"column":null}}]}},"s":{"0":3,"1":3,"2":3,"3":9,"4":8,"5":3},"f":{"0":8},"b":{"0":[1,7]}}
,"/Users/taylorstackpole/github/getDate/source/math/addMinutes.ts": {"path":"/Users/taylorstackpole/github/getDate/source/math/addMinutes.ts","statementMap":{"0":{"start":{"line":1,"column":0},"end":{"line":1,"column":58}},"1":{"start":{"line":2,"column":0},"end":{"line":2,"column":45}},"2":{"start":{"line":7,"column":26},"end":{"line":8,"column":14}},"3":{"start":{"line":7,"column":55},"end":{"line":7,"column":null}},"4":{"start":{"line":8,"column":2},"end":{"line":8,"column":null}},"5":{"start":{"line":7,"column":13},"end":{"line":7,"column":26}}},"fnMap":{"0":{"name":"(anonymous_0)","decl":{"start":{"line":7,"column":26},"end":{"line":7,"column":27}},"loc":{"start":{"line":7,"column":66},"end":{"line":8,"column":14}}}},"branchMap":{"0":{"loc":{"start":{"line":7,"column":55},"end":{"line":7,"column":null}},"type":"if","locations":[{"start":{"line":7,"column":55},"end":{"line":7,"column":null}},{"start":{"line":7,"column":55},"end":{"line":7,"column":null}}]}},"s":{"0":3,"1":3,"2":3,"3":9,"4":8,"5":3},"f":{"0":8},"b":{"0":[1,7]}}
,"/Users/taylorstackpole/github/getDate/source/math/addSeconds.ts": {"path":"/Users/taylorstackpole/github/getDate/source/math/addSeconds.ts","statementMap":{"0":{"start":{"line":1,"column":0},"end":{"line":1,"column":58}},"1":{"start":{"line":2,"column":0},"end":{"line":2,"column":45}},"2":{"start":{"line":7,"column":26},"end":{"line":8,"column":14}},"3":{"start":{"line":7,"column":55},"end":{"line":7,"column":null}},"4":{"start":{"line":8,"column":2},"end":{"line":8,"column":null}},"5":{"start":{"line":7,"column":13},"end":{"line":7,"column":26}}},"fnMap":{"0":{"name":"(anonymous_0)","decl":{"start":{"line":7,"column":26},"end":{"line":7,"column":27}},"loc":{"start":{"line":7,"column":66},"end":{"line":8,"column":14}}}},"branchMap":{"0":{"loc":{"start":{"line":7,"column":55},"end":{"line":7,"column":null}},"type":"if","locations":[{"start":{"line":7,"column":55},"end":{"line":7,"column":null}},{"start":{"line":7,"column":55},"end":{"line":7,"column":null}}]}},"s":{"0":3,"1":3,"2":3,"3":9,"4":8,"5":3},"f":{"0":8},"b":{"0":[1,7]}}
,"/Users/taylorstackpole/github/getDate/source/math/addTimeframe.ts": {"path":"/Users/taylorstackpole/github/getDate/source/math/addTimeframe.ts","statementMap":{"0":{"start":{"line":1,"column":0},"end":{"line":1,"column":58}},"1":{"start":{"line":2,"column":0},"end":{"line":2,"column":44}},"2":{"start":{"line":7,"column":28},"end":{"line":15,"column":1}},"3":{"start":{"line":9,"column":2},"end":{"line":9,"column":null}},"4":{"start":{"line":10,"column":2},"end":{"line":10,"column":null}},"5":{"start":{"line":12,"column":10},"end":{"line":12,"column":23}},"6":{"start":{"line":13,"column":11},"end":{"line":13,"column":44}},"7":{"start":{"line":14,"column":2},"end":{"line":14,"column":null}},"8":{"start":{"line":7,"column":13},"end":{"line":7,"column":28}}},"fnMap":{"0":{"name":"(anonymous_0)","decl":{"start":{"line":7,"column":28},"end":{"line":7,"column":null}},"loc":{"start":{"line":10,"column":19},"end":{"line":15,"column":1}}}},"branchMap":{"0":{"loc":{"start":{"line":9,"column":2},"end":{"line":9,"column":null}},"type":"if","locations":[{"start":{"line":9,"column":2},"end":{"line":9,"column":null}},{"start":{"line":9,"column":2},"end":{"line":9,"column":null}}]},"1":{"loc":{"start":{"line":10,"column":2},"end":{"line":10,"column":null}},"type":"if","locations":[{"start":{"line":10,"column":2},"end":{"line":10,"column":null}},{"start":{"line":10,"column":2},"end":{"line":10,"column":null}}]}},"s":{"0":13,"1":13,"2":13,"3":57,"4":57,"5":56,"6":56,"7":56,"8":13},"f":{"0":56},"b":{"0":[1,55],"1":[1,55]}}
,"/Users/taylorstackpole/github/getDate/source/math/index.ts": {"path":"/Users/taylorstackpole/github/getDate/source/math/index.ts","statementMap":{"0":{"start":{"line":1,"column":0},"end":{"line":1,"column":30}},"1":{"start":{"line":2,"column":0},"end":{"line":2,"column":25}},"2":{"start":{"line":3,"column":0},"end":{"line":3,"column":26}},"3":{"start":{"line":4,"column":0},"end":{"line":4,"column":28}},"4":{"start":{"line":5,"column":0},"end":{"line":5,"column":28}},"5":{"start":{"line":6,"column":0},"end":{"line":6,"column":33}},"6":{"start":{"line":7,"column":0},"end":{"line":7,"column":35}},"7":{"start":{"line":8,"column":0},"end":{"line":8,"column":30}},"8":{"start":{"line":9,"column":0},"end":{"line":9,"column":31}},"9":{"start":{"line":10,"column":0},"end":{"line":10,"column":33}},"10":{"start":{"line":11,"column":0},"end":{"line":11,"column":33}},"11":{"start":{"line":12,"column":0},"end":{"line":12,"column":38}}},"fnMap":{},"branchMap":{},"s":{"0":1,"1":1,"2":1,"3":1,"4":1,"5":1,"6":1,"7":1,"8":1,"9":1,"10":1,"11":1},"f":{},"b":{}}
,"/Users/taylorstackpole/github/getDate/source/math/subtractDays.ts": {"path":"/Users/taylorstackpole/github/getDate/source/math/subtractDays.ts","statementMap":{"0":{"start":{"line":2,"column":0},"end":{"line":2,"column":35}},"1":{"start":{"line":7,"column":28},"end":{"line":7,"column":91}},"2":{"start":{"line":7,"column":57},"end":{"line":7,"column":84}},"3":{"start":{"line":7,"column":84},"end":{"line":7,"column":null}},"4":{"start":{"line":7,"column":13},"end":{"line":7,"column":28}}},"fnMap":{"0":{"name":"(anonymous_0)","decl":{"start":{"line":7,"column":28},"end":{"line":7,"column":29}},"loc":{"start":{"line":7,"column":73},"end":{"line":7,"column":91}}}},"branchMap":{"0":{"loc":{"start":{"line":7,"column":57},"end":{"line":7,"column":84}},"type":"if","locations":[{"start":{"line":7,"column":57},"end":{"line":7,"column":84}},{"start":{"line":7,"column":57},"end":{"line":7,"column":84}}]}},"s":{"0":2,"1":2,"2":5,"3":4,"4":2},"f":{"0":4},"b":{"0":[1,3]}}
,"/Users/taylorstackpole/github/getDate/source/math/subtractHours.ts": {"path":"/Users/taylorstackpole/github/getDate/source/math/subtractHours.ts","statementMap":{"0":{"start":{"line":2,"column":0},"end":{"line":2,"column":37}},"1":{"start":{"line":7,"column":29},"end":{"line":7,"column":94}},"2":{"start":{"line":7,"column":58},"end":{"line":7,"column":86}},"3":{"start":{"line":7,"column":86},"end":{"line":7,"column":null}},"4":{"start":{"line":7,"column":13},"end":{"line":7,"column":29}}},"fnMap":{"0":{"name":"(anonymous_0)","decl":{"start":{"line":7,"column":29},"end":{"line":7,"column":30}},"loc":{"start":{"line":7,"column":75},"end":{"line":7,"column":94}}}},"branchMap":{"0":{"loc":{"start":{"line":7,"column":58},"end":{"line":7,"column":86}},"type":"if","locations":[{"start":{"line":7,"column":58},"end":{"line":7,"column":86}},{"start":{"line":7,"column":58},"end":{"line":7,"column":86}}]}},"s":{"0":2,"1":2,"2":5,"3":4,"4":2},"f":{"0":4},"b":{"0":[1,3]}}
,"/Users/taylorstackpole/github/getDate/source/math/subtractMilliseconds.ts": {"path":"/Users/taylorstackpole/github/getDate/source/math/subtractMilliseconds.ts","statementMap":{"0":{"start":{"line":2,"column":0},"end":{"line":2,"column":51}},"1":{"start":{"line":7,"column":36},"end":{"line":7,"column":115}},"2":{"start":{"line":7,"column":65},"end":{"line":7,"column":100}},"3":{"start":{"line":7,"column":100},"end":{"line":7,"column":null}},"4":{"start":{"line":7,"column":13},"end":{"line":7,"column":36}}},"fnMap":{"0":{"name":"(anonymous_0)","decl":{"start":{"line":7,"column":36},"end":{"line":7,"column":37}},"loc":{"start":{"line":7,"column":89},"end":{"line":7,"column":115}}}},"branchMap":{"0":{"loc":{"start":{"line":7,"column":65},"end":{"line":7,"column":100}},"type":"if","locations":[{"start":{"line":7,"column":65},"end":{"line":7,"column":100}},{"start":{"line":7,"column":65},"end":{"line":7,"column":100}}]}},"s":{"0":2,"1":2,"2":5,"3":4,"4":2},"f":{"0":4},"b":{"0":[1,3]}}
,"/Users/taylorstackpole/github/getDate/source/math/subtractMinutes.ts": {"path":"/Users/taylorstackpole/github/getDate/source/math/subtractMinutes.ts","statementMap":{"0":{"start":{"line":2,"column":0},"end":{"line":2,"column":41}},"1":{"start":{"line":7,"column":31},"end":{"line":7,"column":100}},"2":{"start":{"line":7,"column":60},"end":{"line":7,"column":90}},"3":{"start":{"line":7,"column":90},"end":{"line":7,"column":null}},"4":{"start":{"line":7,"column":13},"end":{"line":7,"column":31}}},"fnMap":{"0":{"name":"(anonymous_0)","decl":{"start":{"line":7,"column":31},"end":{"line":7,"column":32}},"loc":{"start":{"line":7,"column":79},"end":{"line":7,"column":100}}}},"branchMap":{"0":{"loc":{"start":{"line":7,"column":60},"end":{"line":7,"column":90}},"type":"if","locations":[{"start":{"line":7,"column":60},"end":{"line":7,"column":90}},{"start":{"line":7,"column":60},"end":{"line":7,"column":90}}]}},"s":{"0":2,"1":2,"2":5,"3":4,"4":2},"f":{"0":4},"b":{"0":[1,3]}}
,"/Users/taylorstackpole/github/getDate/source/math/subtractSeconds.ts": {"path":"/Users/taylorstackpole/github/getDate/source/math/subtractSeconds.ts","statementMap":{"0":{"start":{"line":2,"column":0},"end":{"line":2,"column":41}},"1":{"start":{"line":7,"column":31},"end":{"line":7,"column":100}},"2":{"start":{"line":7,"column":60},"end":{"line":7,"column":90}},"3":{"start":{"line":7,"column":90},"end":{"line":7,"column":null}},"4":{"start":{"line":7,"column":13},"end":{"line":7,"column":31}}},"fnMap":{"0":{"name":"(anonymous_0)","decl":{"start":{"line":7,"column":31},"end":{"line":7,"column":32}},"loc":{"start":{"line":7,"column":79},"end":{"line":7,"column":100}}}},"branchMap":{"0":{"loc":{"start":{"line":7,"column":60},"end":{"line":7,"column":90}},"type":"if","locations":[{"start":{"line":7,"column":60},"end":{"line":7,"column":90}},{"start":{"line":7,"column":60},"end":{"line":7,"column":90}}]}},"s":{"0":2,"1":2,"2":5,"3":4,"4":2},"f":{"0":4},"b":{"0":[1,3]}}
,"/Users/taylorstackpole/github/getDate/source/math/subtractTimeframe.ts": {"path":"/Users/taylorstackpole/github/getDate/source/math/subtractTimeframe.ts","statementMap":{"0":{"start":{"line":1,"column":0},"end":{"line":1,"column":58}},"1":{"start":{"line":2,"column":0},"end":{"line":2,"column":45}},"2":{"start":{"line":7,"column":34},"end":{"line":11,"column":24}},"3":{"start":{"line":9,"column":3},"end":{"line":9,"column":null}},"4":{"start":{"line":10,"column":3},"end":{"line":10,"column":null}},"5":{"start":{"line":11,"column":12},"end":{"line":11,"column":null}},"6":{"start":{"line":7,"column":14},"end":{"line":7,"column":34}}},"fnMap":{"0":{"name":"(anonymous_0)","decl":{"start":{"line":7,"column":34},"end":{"line":7,"column":null}},"loc":{"start":{"line":10,"column":20},"end":{"line":11,"column":24}}}},"branchMap":{"0":{"loc":{"start":{"line":9,"column":3},"end":{"line":9,"column":null}},"type":"if","locations":[{"start":{"line":9,"column":3},"end":{"line":9,"column":null}},{"start":{"line":9,"column":3},"end":{"line":9,"column":null}}]},"1":{"loc":{"start":{"line":10,"column":3},"end":{"line":10,"column":null}},"type":"if","locations":[{"start":{"line":10,"column":3},"end":{"line":10,"column":null}},{"start":{"line":10,"column":3},"end":{"line":10,"column":null}}]}},"s":{"0":2,"1":2,"2":2,"3":9,"4":9,"5":8,"6":2},"f":{"0":8},"b":{"0":[1,7],"1":[1,7]}}
,"/Users/taylorstackpole/github/getDate/source/timeDelta/difference.ts": {"path":"/Users/taylorstackpole/github/getDate/source/timeDelta/difference.ts","statementMap":{"0":{"start":{"line":2,"column":0},"end":{"line":2,"column":44}},"1":{"start":{"line":3,"column":0},"end":{"line":3,"column":39}},"2":{"start":{"line":6,"column":26},"end":{"line":11,"column":1}},"3":{"start":{"line":10,"column":2},"end":{"line":10,"column":null}},"4":{"start":{"line":6,"column":13},"end":{"line":6,"column":26}}},"fnMap":{"0":{"name":"(anonymous_0)","decl":{"start":{"line":6,"column":26},"end":{"line":6,"column":null}},"loc":{"start":{"line":8,"column":26},"end":{"line":11,"column":1}}}},"branchMap":{},"s":{"0":2,"1":2,"2":2,"3":1,"4":2},"f":{"0":1},"b":{}}
,"/Users/taylorstackpole/github/getDate/source/timeDelta/exclusiveRange.ts": {"path":"/Users/taylorstackpole/github/getDate/source/timeDelta/exclusiveRange.ts","statementMap":{"0":{"start":{"line":1,"column":0},"end":{"line":1,"column":58}},"1":{"start":{"line":2,"column":0},"end":{"line":2,"column":42}},"2":{"start":{"line":4,"column":30},"end":{"line":8,"column":21}},"3":{"start":{"line":7,"column":2},"end":{"line":7,"column":null}},"4":{"start":{"line":8,"column":16},"end":{"line":8,"column":null}},"5":{"start":{"line":4,"column":13},"end":{"line":4,"column":30}}},"fnMap":{"0":{"name":"(anonymous_0)","decl":{"start":{"line":4,"column":30},"end":{"line":4,"column":null}},"loc":{"start":{"line":7,"column":38},"end":{"line":8,"column":21}}}},"branchMap":{"0":{"loc":{"start":{"line":7,"column":2},"end":{"line":7,"column":null}},"type":"if","locations":[{"start":{"line":7,"column":2},"end":{"line":7,"column":null}},{"start":{"line":7,"column":2},"end":{"line":7,"column":null}}]}},"s":{"0":1,"1":1,"2":1,"3":0,"4":0,"5":1},"f":{"0":0},"b":{"0":[0,0]}}
,"/Users/taylorstackpole/github/getDate/source/timeDelta/humanize.ts": {"path":"/Users/taylorstackpole/github/getDate/source/timeDelta/humanize.ts","statementMap":{"0":{"start":{"line":1,"column":0},"end":{"line":1,"column":39}},"1":{"start":{"line":2,"column":0},"end":{"line":2,"column":37}},"2":{"start":{"line":3,"column":0},"end":{"line":3,"column":48}},"3":{"start":{"line":4,"column":0},"end":{"line":4,"column":65}},"4":{"start":{"line":5,"column":0},"end":{"line":5,"column":69}},"5":{"start":{"line":8,"column":34},"end":{"line":11,"column":1}},"6":{"start":{"line":9,"column":24},"end":{"line":9,"column":52}},"7":{"start":{"line":10,"column":2},"end":{"line":10,"column":null}},"8":{"start":{"line":8,"column":13},"end":{"line":8,"column":34}},"9":{"start":{"line":13,"column":19},"end":{"line":16,"column":1}},"10":{"start":{"line":14,"column":14},"end":{"line":14,"column":29}},"11":{"start":{"line":15,"column":2},"end":{"line":15,"column":null}},"12":{"start":{"line":18,"column":20},"end":{"line":23,"column":1}},"13":{"start":{"line":19,"column":2},"end":{"line":21,"column":null}},"14":{"start":{"line":20,"column":4},"end":{"line":20,"column":null}},"15":{"start":{"line":22,"column":2},"end":{"line":22,"column":null}},"16":{"start":{"line":25,"column":26},"end":{"line":43,"column":1}},"17":{"start":{"line":26,"column":28},"end":{"line":26,"column":50}},"18":{"start":{"line":26,"column":18},"end":{"line":26,"column":20}},"19":{"start":{"line":26,"column":24},"end":{"line":26,"column":28}},"20":{"start":{"line":27,"column":2},"end":{"line":29,"column":null}},"21":{"start":{"line":28,"column":4},"end":{"line":28,"column":null}},"22":{"start":{"line":31,"column":30},"end":{"line":31,"column":53}},"23":{"start":{"line":31,"column":19},"end":{"line":31,"column":21}},"24":{"start":{"line":31,"column":26},"end":{"line":31,"column":30}},"25":{"start":{"line":32,"column":2},"end":{"line":34,"column":null}},"26":{"start":{"line":33,"column":4},"end":{"line":33,"column":null}},"27":{"start":{"line":36,"column":34},"end":{"line":36,"column":59}},"28":{"start":{"line":36,"column":21},"end":{"line":36,"column":23}},"29":{"start":{"line":36,"column":30},"end":{"line":36,"column":34}},"30":{"start":{"line":37,"column":2},"end":{"line":39,"column":null}},"31":{"start":{"line":38,"column":4},"end":{"line":38,"column":null}},"32":{"start":{"line":41,"column":21},"end":{"line":41,"column":44}},"33":{"start":{"line":42,"column":2},"end":{"line":42,"column":null}},"34":{"start":{"line":50,"column":24},"end":{"line":63,"column":1}},"35":{"start":{"line":52,"column":2},"end":{"line":52,"column":null}},"36":{"start":{"line":54,"column":16},"end":{"line":54,"column":35}},"37":{"start":{"line":55,"column":24},"end":{"line":55,"column":48}},"38":{"start":{"line":56,"column":2},"end":{"line":58,"column":null}},"39":{"start":{"line":57,"column":4},"end":{"line":57,"column":null}},"40":{"start":{"line":59,"column":2},"end":{"line":61,"column":null}},"41":{"start":{"line":60,"column":4},"end":{"line":60,"column":null}},"42":{"start":{"line":62,"column":2},"end":{"line":62,"column":null}},"43":{"start":{"line":50,"column":13},"end":{"line":50,"column":24}}},"fnMap":{"0":{"name":"(anonymous_0)","decl":{"start":{"line":8,"column":34},"end":{"line":8,"column":35}},"loc":{"start":{"line":8,"column":70},"end":{"line":11,"column":1}}},"1":{"name":"(anonymous_1)","decl":{"start":{"line":13,"column":19},"end":{"line":13,"column":20}},"loc":{"start":{"line":13,"column":33},"end":{"line":16,"column":1}}},"2":{"name":"(anonymous_2)","decl":{"start":{"line":18,"column":20},"end":{"line":18,"column":21}},"loc":{"start":{"line":18,"column":56},"end":{"line":23,"column":1}}},"3":{"name":"(anonymous_3)","decl":{"start":{"line":25,"column":26},"end":{"line":25,"column":27}},"loc":{"start":{"line":25,"column":43},"end":{"line":43,"column":1}}},"4":{"name":"(anonymous_4)","decl":{"start":{"line":50,"column":24},"end":{"line":50,"column":null}},"loc":{"start":{"line":52,"column":41},"end":{"line":63,"column":1}}}},"branchMap":{"0":{"loc":{"start":{"line":19,"column":2},"end":{"line":21,"column":null}},"type":"if","locations":[{"start":{"line":19,"column":2},"end":{"line":21,"column":null}},{"start":{"line":19,"column":2},"end":{"line":21,"column":null}}]},"1":{"loc":{"start":{"line":27,"column":2},"end":{"line":29,"column":null}},"type":"if","locations":[{"start":{"line":27,"column":2},"end":{"line":29,"column":null}},{"start":{"line":27,"column":2},"end":{"line":29,"column":null}}]},"2":{"loc":{"start":{"line":32,"column":2},"end":{"line":34,"column":null}},"type":"if","locations":[{"start":{"line":32,"column":2},"end":{"line":34,"column":null}},{"start":{"line":32,"column":2},"end":{"line":34,"column":null}}]},"3":{"loc":{"start":{"line":37,"column":2},"end":{"line":39,"column":null}},"type":"if","locations":[{"start":{"line":37,"column":2},"end":{"line":39,"column":null}},{"start":{"line":37,"column":2},"end":{"line":39,"column":null}}]},"4":{"loc":{"start":{"line":52,"column":2},"end":{"line":52,"column":null}},"type":"if","locations":[{"start":{"line":52,"column":2},"end":{"line":52,"column":null}},{"start":{"line":52,"column":2},"end":{"line":52,"column":null}}]},"5":{"loc":{"start":{"line":56,"column":2},"end":{"line":58,"column":null}},"type":"if","locations":[{"start":{"line":56,"column":2},"end":{"line":58,"column":null}},{"start":{"line":56,"column":2},"end":{"line":58,"column":null}}]},"6":{"loc":{"start":{"line":59,"column":2},"end":{"line":61,"column":null}},"type":"if","locations":[{"start":{"line":59,"column":2},"end":{"line":61,"column":null}},{"start":{"line":59,"column":2},"end":{"line":61,"column":null}}]}},"s":{"0":2,"1":2,"2":2,"3":2,"4":2,"5":2,"6":10,"7":10,"8":2,"9":2,"10":33,"11":33,"12":2,"13":7,"14":5,"15":2,"16":2,"17":15,"18":15,"19":15,"20":15,"21":4,"22":11,"23":11,"24":11,"25":11,"26":4,"27":7,"28":7,"29":7,"30":7,"31":2,"32":5,"33":5,"34":2,"35":15,"36":15,"37":15,"38":15,"39":1,"40":14,"41":7,"42":7,"43":2},"f":{"0":10,"1":33,"2":7,"3":15,"4":15},"b":{"0":[5,2],"1":[4,11],"2":[4,7],"3":[2,5],"4":[0,15],"5":[1,14],"6":[7,7]}}
,"/Users/taylorstackpole/github/getDate/source/timeDelta/inclusiveRange.ts": {"path":"/Users/taylorstackpole/github/getDate/source/timeDelta/inclusiveRange.ts","statementMap":{"0":{"start":{"line":1,"column":0},"end":{"line":1,"column":58}},"1":{"start":{"line":2,"column":0},"end":{"line":2,"column":42}},"2":{"start":{"line":4,"column":30},"end":{"line":8,"column":21}},"3":{"start":{"line":7,"column":2},"end":{"line":7,"column":null}},"4":{"start":{"line":8,"column":16},"end":{"line":8,"column":null}},"5":{"start":{"line":4,"column":13},"end":{"line":4,"column":30}}},"fnMap":{"0":{"name":"(anonymous_0)","decl":{"start":{"line":4,"column":30},"end":{"line":4,"column":null}},"loc":{"start":{"line":7,"column":38},"end":{"line":8,"column":21}}}},"branchMap":{"0":{"loc":{"start":{"line":7,"column":2},"end":{"line":7,"column":null}},"type":"if","locations":[{"start":{"line":7,"column":2},"end":{"line":7,"column":null}},{"start":{"line":7,"column":2},"end":{"line":7,"column":null}}]}},"s":{"0":1,"1":1,"2":1,"3":0,"4":0,"5":1},"f":{"0":0},"b":{"0":[0,0]}}
,"/Users/taylorstackpole/github/getDate/source/timeDelta/index.ts": {"path":"/Users/taylorstackpole/github/getDate/source/timeDelta/index.ts","statementMap":{"0":{"start":{"line":1,"column":0},"end":{"line":1,"column":28}},"1":{"start":{"line":2,"column":0},"end":{"line":2,"column":26}},"2":{"start":{"line":3,"column":0},"end":{"line":3,"column":26}},"3":{"start":{"line":4,"column":0},"end":{"line":4,"column":24}},"4":{"start":{"line":5,"column":0},"end":{"line":5,"column":23}},"5":{"start":{"line":6,"column":0},"end":{"line":6,"column":32}},"6":{"start":{"line":7,"column":0},"end":{"line":7,"column":32}},"7":{"start":{"line":8,"column":0},"end":{"line":8,"column":27}}},"fnMap":{},"branchMap":{},"s":{"0":1,"1":1,"2":1,"3":1,"4":1,"5":1,"6":1,"7":1},"f":{},"b":{}}
,"/Users/taylorstackpole/github/getDate/source/timeDelta/isFuture.ts": {"path":"/Users/taylorstackpole/github/getDate/source/timeDelta/isFuture.ts","statementMap":{"0":{"start":{"line":6,"column":24},"end":{"line":6,"column":56}},"1":{"start":{"line":6,"column":55},"end":{"line":6,"column":null}},"2":{"start":{"line":6,"column":13},"end":{"line":6,"column":24}}},"fnMap":{"0":{"name":"(anonymous_0)","decl":{"start":{"line":6,"column":24},"end":{"line":6,"column":25}},"loc":{"start":{"line":6,"column":41},"end":{"line":6,"column":56}}}},"branchMap":{},"s":{"0":3,"1":17,"2":3},"f":{"0":17},"b":{}}
,"/Users/taylorstackpole/github/getDate/source/timeDelta/isPast.ts": {"path":"/Users/taylorstackpole/github/getDate/source/timeDelta/isPast.ts","statementMap":{"0":{"start":{"line":6,"column":22},"end":{"line":6,"column":null}},"1":{"start":{"line":6,"column":53},"end":{"line":8,"column":null}},"2":{"start":{"line":6,"column":13},"end":{"line":6,"column":22}}},"fnMap":{"0":{"name":"(anonymous_0)","decl":{"start":{"line":6,"column":22},"end":{"line":6,"column":23}},"loc":{"start":{"line":6,"column":39},"end":{"line":6,"column":null}}}},"branchMap":{"0":{"loc":{"start":{"line":7,"column":2},"end":{"line":7,"column":17}},"type":"binary-expr","locations":[{"start":{"line":7,"column":2},"end":{"line":7,"column":17}},{"start":{"line":7,"column":21},"end":{"line":7,"column":47}}]}},"s":{"0":2,"1":3,"2":2},"f":{"0":3},"b":{"0":[3,2]}}
,"/Users/taylorstackpole/github/getDate/source/timeDelta/range.ts": {"path":"/Users/taylorstackpole/github/getDate/source/timeDelta/range.ts","statementMap":{"0":{"start":{"line":1,"column":0},"end":{"line":1,"column":58}},"1":{"start":{"line":2,"column":0},"end":{"line":2,"column":44}},"2":{"start":{"line":7,"column":33},"end":{"line":10,"column":22}},"3":{"start":{"line":10,"column":21},"end":{"line":13,"column":null}},"4":{"start":{"line":15,"column":28},"end":{"line":15,"column":71}},"5":{"start":{"line":15,"column":70},"end":{"line":15,"column":null}},"6":{"start":{"line":16,"column":28},"end":{"line":16,"column":71}},"7":{"start":{"line":16,"column":70},"end":{"line":16,"column":null}},"8":{"start":{"line":18,"column":0},"end":{"line":18,"column":13}},"9":{"start":{"line":31,"column":4},"end":{"line":31,"column":null}},"10":{"start":{"line":32,"column":4},"end":{"line":32,"column":null}},"11":{"start":{"line":21,"column":2},"end":{"line":21,"column":null}},"12":{"start":{"line":22,"column":2},"end":{"line":22,"column":null}},"13":{"start":{"line":23,"column":2},"end":{"line":23,"column":null}},"14":{"start":{"line":24,"column":2},"end":{"line":24,"column":null}},"15":{"start":{"line":25,"column":2},"end":{"line":25,"column":null}},"16":{"start":{"line":26,"column":2},"end":{"line":26,"column":null}},"17":{"start":{"line":34,"column":4},"end":{"line":34,"column":null}},"18":{"start":{"line":35,"column":4},"end":{"line":35,"column":null}},"19":{"start":{"line":36,"column":4},"end":{"line":36,"column":null}},"20":{"start":{"line":37,"column":4},"end":{"line":37,"column":null}},"21":{"start":{"line":38,"column":4},"end":{"line":38,"column":null}},"22":{"start":{"line":41,"column":2},"end":{"line":48,"column":null}},"23":{"start":{"line":42,"column":4},"end":{"line":42,"column":null}},"24":{"start":{"line":43,"column":4},"end":{"line":43,"column":null}},"25":{"start":{"line":44,"column":4},"end":{"line":47,"column":null}},"26":{"start":{"line":45,"column":6},"end":{"line":45,"column":null}},"27":{"start":{"line":46,"column":6},"end":{"line":46,"column":null}},"28":{"start":{"line":50,"column":2},"end":{"line":57,"column":null}},"29":{"start":{"line":51,"column":31},"end":{"line":51,"column":77}},"30":{"start":{"line":51,"column":18},"end":{"line":51,"column":20}},"31":{"start":{"line":51,"column":27},"end":{"line":51,"column":31}},"32":{"start":{"line":52,"column":4},"end":{"line":52,"column":null}},"33":{"start":{"line":53,"column":4},"end":{"line":53,"column":null}},"34":{"start":{"line":54,"column":4},"end":{"line":54,"column":null}},"35":{"start":{"line":55,"column":4},"end":{"line":55,"column":null}},"36":{"start":{"line":56,"column":4},"end":{"line":56,"column":null}},"37":{"start":{"line":59,"column":2},"end":{"line":62,"column":null}},"38":{"start":{"line":60,"column":4},"end":{"line":61,"column":null}},"39":{"start":{"line":63,"column":2},"end":{"line":66,"column":null}},"40":{"start":{"line":64,"column":4},"end":{"line":64,"column":null}},"41":{"start":{"line":65,"column":4},"end":{"line":65,"column":null}},"42":{"start":{"line":67,"column":2},"end":{"line":70,"column":null}},"43":{"start":{"line":68,"column":4},"end":{"line":68,"column":null}},"44":{"start":{"line":69,"column":4},"end":{"line":69,"column":null}},"45":{"start":{"line":71,"column":2},"end":{"line":74,"column":null}},"46":{"start":{"line":72,"column":4},"end":{"line":72,"column":null}},"47":{"start":{"line":73,"column":4},"end":{"line":73,"column":null}},"48":{"start":{"line":75,"column":0},"end":{"line":75,"column":null}},"49":{"start":{"line":18,"column":13},"end":{"line":18,"column":27}},"50":{"start":{"line":77,"column":21},"end":{"line":84,"column":1}},"51":{"start":{"line":80,"column":2},"end":{"line":80,"column":null}},"52":{"start":{"line":81,"column":2},"end":{"line":81,"column":null}},"53":{"start":{"line":83,"column":2},"end":{"line":83,"column":null}},"54":{"start":{"line":77,"column":13},"end":{"line":77,"column":21}}},"fnMap":{"0":{"name":"(anonymous_0)","decl":{"start":{"line":7,"column":33},"end":{"line":7,"column":null}},"loc":{"start":{"line":9,"column":26},"end":{"line":10,"column":22}}},"1":{"name":"(anonymous_1)","decl":{"start":{"line":15,"column":28},"end":{"line":15,"column":29}},"loc":{"start":{"line":15,"column":56},"end":{"line":15,"column":71}}},"2":{"name":"(anonymous_2)","decl":{"start":{"line":16,"column":28},"end":{"line":16,"column":29}},"loc":{"start":{"line":16,"column":56},"end":{"line":16,"column":71}}},"3":{"name":"(anonymous_3)","decl":{"start":{"line":18,"column":0},"end":{"line":18,"column":13}},"loc":{"start":{"line":18,"column":0},"end":{"line":75,"column":null}}},"4":{"name":"TimeDeltaRange","decl":{"start":{"line":28,"column":2},"end":{"line":28,"column":null}},"loc":{"start":{"line":32,"column":30},"end":{"line":39,"column":3}}},"5":{"name":"(anonymous_5)","decl":{"start":{"line":41,"column":2},"end":{"line":41,"column":7}},"loc":{"start":{"line":41,"column":2},"end":{"line":48,"column":3}}},"6":{"name":"(anonymous_6)","decl":{"start":{"line":50,"column":2},"end":{"line":50,"column":14}},"loc":{"start":{"line":50,"column":2},"end":{"line":57,"column":3}}},"7":{"name":"(anonymous_7)","decl":{"start":{"line":59,"column":2},"end":{"line":59,"column":14}},"loc":{"start":{"line":59,"column":35},"end":{"line":62,"column":3}}},"8":{"name":"(anonymous_8)","decl":{"start":{"line":63,"column":2},"end":{"line":63,"column":14}},"loc":{"start":{"line":63,"column":33},"end":{"line":66,"column":3}}},"9":{"name":"(anonymous_9)","decl":{"start":{"line":67,"column":2},"end":{"line":67,"column":10}},"loc":{"start":{"line":67,"column":38},"end":{"line":70,"column":3}}},"10":{"name":"(anonymous_10)","decl":{"start":{"line":71,"column":2},"end":{"line":71,"column":8}},"loc":{"start":{"line":71,"column":34},"end":{"line":74,"column":3}}},"11":{"name":"(anonymous_11)","decl":{"start":{"line":77,"column":21},"end":{"line":77,"column":null}},"loc":{"start":{"line":81,"column":28},"end":{"line":84,"column":1}}}},"branchMap":{"0":{"loc":{"start":{"line":31,"column":4},"end":{"line":31,"column":null}},"type":"if","locations":[{"start":{"line":31,"column":4},"end":{"line":31,"column":null}},{"start":{"line":31,"column":4},"end":{"line":31,"column":null}}]},"1":{"loc":{"start":{"line":32,"column":4},"end":{"line":32,"column":null}},"type":"if","locations":[{"start":{"line":32,"column":4},"end":{"line":32,"column":null}},{"start":{"line":32,"column":4},"end":{"line":32,"column":null}}]},"2":{"loc":{"start":{"line":42,"column":39},"end":{"line":42,"column":58}},"type":"cond-expr","locations":[{"start":{"line":42,"column":39},"end":{"line":42,"column":58}},{"start":{"line":42,"column":61},"end":{"line":42,"column":80}}]},"3":{"loc":{"start":{"line":52,"column":39},"end":{"line":52,"column":58}},"type":"cond-expr","locations":[{"start":{"line":52,"column":39},"end":{"line":52,"column":58}},{"start":{"line":52,"column":61},"end":{"line":52,"column":80}}]},"4":{"loc":{"start":{"line":80,"column":2},"end":{"line":80,"column":null}},"type":"if","locations":[{"start":{"line":80,"column":2},"end":{"line":80,"column":null}},{"start":{"line":80,"column":2},"end":{"line":80,"column":null}}]},"5":{"loc":{"start":{"line":81,"column":2},"end":{"line":81,"column":null}},"type":"if","locations":[{"start":{"line":81,"column":2},"end":{"line":81,"column":null}},{"start":{"line":81,"column":2},"end":{"line":81,"column":null}}]}},"s":{"0":1,"1":1,"2":1,"3":0,"4":1,"5":0,"6":1,"7":0,"8":1,"9":0,"10":0,"11":0,"12":0,"13":0,"14":0,"15":0,"16":0,"17":0,"18":0,"19":0,"20":0,"21":0,"22":1,"23":0,"24":0,"25":0,"26":0,"27":0,"28":1,"29":0,"30":0,"31":0,"32":0,"33":0,"34":0,"35":0,"36":0,"37":1,"38":0,"39":1,"40":0,"41":0,"42":1,"43":0,"44":0,"45":1,"46":0,"47":0,"48":1,"49":1,"50":1,"51":0,"52":0,"53":0,"54":1},"f":{"0":0,"1":0,"2":0,"3":1,"4":0,"5":0,"6":0,"7":0,"8":0,"9":0,"10":0,"11":0},"b":{"0":[0,0],"1":[0,0],"2":[0,0],"3":[0,0],"4":[0,0],"5":[0,0]}}
,"/Users/taylorstackpole/github/getDate/source/timeDelta/timeDelta.ts": {"path":"/Users/taylorstackpole/github/getDate/source/timeDelta/timeDelta.ts","statementMap":{"0":{"start":{"line":1,"column":0},"end":{"line":1,"column":69}},"1":{"start":{"line":2,"column":0},"end":{"line":2,"column":46}},"2":{"start":{"line":3,"column":0},"end":{"line":3,"column":47}},"3":{"start":{"line":4,"column":0},"end":{"line":4,"column":45}},"4":{"start":{"line":6,"column":35},"end":{"line":16,"column":1}},"5":{"start":{"line":10,"column":29},"end":{"line":10,"column":47}},"6":{"start":{"line":10,"column":15},"end":{"line":10,"column":17}},"7":{"start":{"line":10,"column":25},"end":{"line":10,"column":29}},"8":{"start":{"line":11,"column":17},"end":{"line":11,"column":18}},"9":{"start":{"line":12,"column":2},"end":{"line":12,"column":null}},"10":{"start":{"line":12,"column":34},"end":{"line":12,"column":null}},"11":{"start":{"line":13,"column":2},"end":{"line":13,"column":null}},"12":{"start":{"line":13,"column":33},"end":{"line":13,"column":null}},"13":{"start":{"line":14,"column":16},"end":{"line":14,"column":63}},"14":{"start":{"line":15,"column":2},"end":{"line":15,"column":null}},"15":{"start":{"line":6,"column":13},"end":{"line":6,"column":35}},"16":{"start":{"line":23,"column":25},"end":{"line":46,"column":1}},"17":{"start":{"line":25,"column":2},"end":{"line":25,"column":null}},"18":{"start":{"line":27,"column":28},"end":{"line":27,"column":57}},"19":{"start":{"line":27,"column":17},"end":{"line":27,"column":19}},"20":{"start":{"line":27,"column":24},"end":{"line":27,"column":28}},"21":{"start":{"line":28,"column":13},"end":{"line":28,"column":18}},"22":{"start":{"line":29,"column":15},"end":{"line":29,"column":58}},"23":{"start":{"line":30,"column":2},"end":{"line":30,"column":null}},"24":{"start":{"line":31,"column":16},"end":{"line":31,"column":60}},"25":{"start":{"line":32,"column":2},"end":{"line":32,"column":null}},"26":{"start":{"line":33,"column":18},"end":{"line":33,"column":64}},"27":{"start":{"line":34,"column":2},"end":{"line":34,"column":null}},"28":{"start":{"line":35,"column":18},"end":{"line":35,"column":64}},"29":{"start":{"line":36,"column":2},"end":{"line":36,"column":null}},"30":{"start":{"line":37,"column":23},"end":{"line":37,"column":74}},"31":{"start":{"line":38,"column":2},"end":{"line":45,"column":null}},"32":{"start":{"line":23,"column":13},"end":{"line":23,"column":25}}},"fnMap":{"0":{"name":"(anonymous_0)","decl":{"start":{"line":6,"column":35},"end":{"line":6,"column":null}},"loc":{"start":{"line":8,"column":28},"end":{"line":16,"column":1}}},"1":{"name":"(anonymous_1)","decl":{"start":{"line":23,"column":25},"end":{"line":23,"column":null}},"loc":{"start":{"line":25,"column":41},"end":{"line":46,"column":1}}}},"branchMap":{"0":{"loc":{"start":{"line":12,"column":2},"end":{"line":12,"column":null}},"type":"if","locations":[{"start":{"line":12,"column":2},"end":{"line":12,"column":null}},{"start":{"line":12,"column":2},"end":{"line":12,"column":null}}]},"1":{"loc":{"start":{"line":13,"column":2},"end":{"line":13,"column":null}},"type":"if","locations":[{"start":{"line":13,"column":2},"end":{"line":13,"column":null}},{"start":{"line":13,"column":2},"end":{"line":13,"column":null}}]},"2":{"loc":{"start":{"line":25,"column":2},"end":{"line":25,"column":null}},"type":"if","locations":[{"start":{"line":25,"column":2},"end":{"line":25,"column":null}},{"start":{"line":25,"column":2},"end":{"line":25,"column":null}}]}},"s":{"0":6,"1":6,"2":6,"3":6,"4":6,"5":30,"6":30,"7":30,"8":30,"9":30,"10":10,"11":30,"12":10,"13":30,"14":30,"15":6,"16":6,"17":31,"18":30,"19":30,"20":30,"21":30,"22":30,"23":30,"24":30,"25":30,"26":30,"27":30,"28":30,"29":30,"30":30,"31":30,"32":6},"f":{"0":30,"1":30},"b":{"0":[10,20],"1":[10,20],"2":[1,29]}}
}
