TN:
SF:source/constants.ts
FNF:0
FNH:0
DA:4,22
DA:8,22
DA:12,22
DA:16,22
DA:20,22
LF:5
LH:5
BRF:0
BRH:0
end_of_record
TN:
SF:source/index.ts
FNF:0
FNH:0
DA:1,0
DA:2,0
DA:3,0
DA:4,0
DA:5,0
DA:6,0
LF:6
LH:0
BRF:0
BRH:0
end_of_record
TN:
SF:source/types.ts
FN:5,(anonymous_0)
FNF:1
FNH:1
FNDA:22,(anonymous_0)
DA:1,22
DA:5,22
DA:9,22
DA:13,22
DA:17,22
DA:21,22
DA:25,22
LF:7
LH:7
BRDA:5,0,0,22
BRDA:5,0,1,22
BRF:2
BRH:2
end_of_record
TN:
SF:source/equality/index.ts
FNF:0
FNH:0
DA:1,1
DA:2,1
DA:3,1
LF:3
LH:3
BRF:0
BRH:0
end_of_record
TN:
SF:source/equality/isAfter.ts
FN:8,(anonymous_0)
FNF:1
FNH:1
FNDA:33,(anonymous_0)
DA:2,8
DA:8,8
DA:12,33
DA:13,33
LF:4
LH:4
BRF:0
BRH:0
end_of_record
TN:
SF:source/equality/isBefore.ts
FN:8,(anonymous_0)
FNF:1
FNH:1
FNDA:33,(anonymous_0)
DA:2,8
DA:8,8
DA:12,33
DA:13,33
LF:4
LH:4
BRF:0
BRH:0
end_of_record
TN:
SF:source/equality/isEqual.ts
FN:9,(anonymous_0)
FNF:1
FNH:1
FNDA:3,(anonymous_0)
DA:2,2
DA:9,2
DA:13,3
DA:14,3
LF:4
LH:4
BRF:0
BRH:0
end_of_record
TN:
SF:source/getters/getDate.ts
FN:8,(anonymous_0)
FNF:1
FNH:1
FNDA:444,(anonymous_0)
DA:8,445
DA:9,444
DA:10,281
LF:3
LH:3
BRDA:8,0,0,1
BRDA:8,0,1,443
BRDA:9,1,0,163
BRDA:9,1,1,281
BRF:4
BRH:4
end_of_record
TN:
SF:source/getters/getDateInputValue.ts
FN:8,(anonymous_0)
FNF:1
FNH:1
FNDA:3,(anonymous_0)
DA:2,2
DA:3,2
DA:8,2
DA:9,3
DA:10,3
DA:11,3
DA:12,3
DA:13,3
LF:8
LH:8
BRF:0
BRH:0
end_of_record
TN:
SF:source/getters/getDates.ts
FN:7,(anonymous_0)
FN:8,(anonymous_1)
FNF:2
FNH:2
FNDA:100,(anonymous_0)
FNDA:201,(anonymous_1)
DA:2,12
DA:7,401
DA:8,201
LF:3
LH:3
BRF:0
BRH:0
end_of_record
TN:
SF:source/getters/getDatetimeLocalInputValue.ts
FN:9,(anonymous_0)
FNF:1
FNH:0
FNDA:0,(anonymous_0)
DA:2,1
DA:3,1
DA:4,1
DA:9,1
DA:10,0
DA:11,0
LF:6
LH:4
BRF:0
BRH:0
end_of_record
TN:
SF:source/getters/getStartOfDay.ts
FN:8,(anonymous_0)
FNF:1
FNH:1
FNDA:6,(anonymous_0)
DA:2,2
DA:8,9
DA:9,6
DA:10,6
LF:4
LH:4
BRDA:8,0,0,3
BRDA:8,0,1,3
BRF:2
BRH:2
end_of_record
TN:
SF:source/getters/getTime.ts
FN:4,(anonymous_0)
FNF:1
FNH:1
FNDA:3,(anonymous_0)
DA:2,2
DA:4,2
DA:6,3
LF:3
LH:3
BRDA:6,0,0,1
BRDA:6,0,1,2
BRF:2
BRH:2
end_of_record
TN:
SF:source/getters/getTimeString.ts
FN:8,(anonymous_0)
FNF:1
FNH:1
FNDA:3,(anonymous_0)
DA:2,2
DA:3,2
DA:8,2
DA:9,3
DA:10,3
DA:11,3
DA:12,3
DA:13,3
DA:14,3
LF:9
LH:9
BRF:0
BRH:0
end_of_record
TN:
SF:source/getters/index.ts
FNF:0
FNH:0
DA:1,1
DA:2,1
DA:3,1
DA:4,1
DA:5,1
DA:6,1
DA:7,1
LF:7
LH:7
BRF:0
BRH:0
end_of_record
TN:
SF:source/helpers/index.ts
FNF:0
FNH:0
DA:1,3
DA:2,3
LF:2
LH:2
BRF:0
BRH:0
end_of_record
TN:
SF:source/helpers/leftPad.ts
FN:1,(anonymous_0)
FNF:1
FNH:1
FNDA:21,(anonymous_0)
DA:1,38
DA:2,21
LF:2
LH:2
BRDA:1,0,0,1
BRDA:1,0,1,20
BRDA:1,1,0,17
BRDA:1,1,1,4
BRF:4
BRH:4
end_of_record
TN:
SF:source/helpers/pluralize.ts
FN:1,(anonymous_0)
FNF:1
FNH:1
FNDA:13,(anonymous_0)
DA:1,6
DA:2,13
LF:2
LH:2
BRDA:2,0,0,5
BRDA:2,0,1,8
BRF:2
BRH:2
end_of_record
TN:
SF:source/humanize/humanizeDay.ts
FN:10,(anonymous_0)
FN:14,(anonymous_1)
FNF:2
FNH:2
FNDA:8,(anonymous_0)
FNDA:16,(anonymous_1)
DA:2,2
DA:7,2
DA:10,8
DA:14,16
LF:4
LH:4
BRF:0
BRH:0
end_of_record
TN:
SF:source/humanize/humanizeMonth.ts
FN:9,(anonymous_0)
FN:13,(anonymous_1)
FNF:2
FNH:2
FNDA:12,(anonymous_0)
FNDA:24,(anonymous_1)
DA:2,2
DA:7,2
DA:9,12
DA:13,24
LF:4
LH:4
BRF:0
BRH:0
end_of_record
TN:
SF:source/humanize/humanizeTimeframe.ts
FN:4,(anonymous_0)
FNF:1
FNH:1
FNDA:20,(anonymous_0)
DA:1,4
DA:4,20
LF:2
LH:2
BRF:0
BRH:0
end_of_record
TN:
SF:source/humanize/index.ts
FNF:0
FNH:0
DA:1,1
DA:2,1
DA:3,1
LF:3
LH:3
BRF:0
BRH:0
end_of_record
TN:
SF:source/math/addDays.ts
FN:8,(anonymous_0)
FNF:1
FNH:1
FNDA:8,(anonymous_0)
DA:1,3
DA:2,3
DA:8,3
DA:10,9
DA:11,8
LF:5
LH:5
BRDA:10,0,0,1
BRDA:10,0,1,7
BRF:2
BRH:2
end_of_record
TN:
SF:source/math/addHours.ts
FN:7,(anonymous_0)
FNF:1
FNH:1
FNDA:8,(anonymous_0)
DA:1,3
DA:2,3
DA:7,9
DA:8,8
LF:4
LH:4
BRDA:7,0,0,1
BRDA:7,0,1,7
BRF:2
BRH:2
end_of_record
TN:
SF:source/math/addMilliseconds.ts
FN:7,(anonymous_0)
FNF:1
FNH:1
FNDA:8,(anonymous_0)
DA:1,3
DA:2,3
DA:7,9
DA:8,8
LF:4
LH:4
BRDA:7,0,0,1
BRDA:7,0,1,7
BRF:2
BRH:2
end_of_record
TN:
SF:source/math/addMinutes.ts
FN:7,(anonymous_0)
FNF:1
FNH:1
FNDA:8,(anonymous_0)
DA:1,3
DA:2,3
DA:7,9
DA:8,8
LF:4
LH:4
BRDA:7,0,0,1
BRDA:7,0,1,7
BRF:2
BRH:2
end_of_record
TN:
SF:source/math/addSeconds.ts
FN:7,(anonymous_0)
FNF:1
FNH:1
FNDA:8,(anonymous_0)
DA:1,3
DA:2,3
DA:7,9
DA:8,8
LF:4
LH:4
BRDA:7,0,0,1
BRDA:7,0,1,7
BRF:2
BRH:2
end_of_record
TN:
SF:source/math/addTimeframe.ts
FN:7,(anonymous_0)
FNF:1
FNH:1
FNDA:56,(anonymous_0)
DA:1,13
DA:2,13
DA:7,13
DA:9,57
DA:10,57
DA:12,56
DA:13,56
DA:14,56
LF:8
LH:8
BRDA:9,0,0,1
BRDA:9,0,1,55
BRDA:10,1,0,1
BRDA:10,1,1,55
BRF:4
BRH:4
end_of_record
TN:
SF:source/math/index.ts
FNF:0
FNH:0
DA:1,1
DA:2,1
DA:3,1
DA:4,1
DA:5,1
DA:6,1
DA:7,1
DA:8,1
DA:9,1
DA:10,1
DA:11,1
DA:12,1
LF:12
LH:12
BRF:0
BRH:0
end_of_record
TN:
SF:source/math/subtractDays.ts
FN:7,(anonymous_0)
FNF:1
FNH:1
FNDA:4,(anonymous_0)
DA:2,2
DA:7,5
LF:2
LH:2
BRDA:7,0,0,1
BRDA:7,0,1,3
BRF:2
BRH:2
end_of_record
TN:
SF:source/math/subtractHours.ts
FN:7,(anonymous_0)
FNF:1
FNH:1
FNDA:4,(anonymous_0)
DA:2,2
DA:7,5
LF:2
LH:2
BRDA:7,0,0,1
BRDA:7,0,1,3
BRF:2
BRH:2
end_of_record
TN:
SF:source/math/subtractMilliseconds.ts
FN:7,(anonymous_0)
FNF:1
FNH:1
FNDA:4,(anonymous_0)
DA:2,2
DA:7,5
LF:2
LH:2
BRDA:7,0,0,1
BRDA:7,0,1,3
BRF:2
BRH:2
end_of_record
TN:
SF:source/math/subtractMinutes.ts
FN:7,(anonymous_0)
FNF:1
FNH:1
FNDA:4,(anonymous_0)
DA:2,2
DA:7,5
LF:2
LH:2
BRDA:7,0,0,1
BRDA:7,0,1,3
BRF:2
BRH:2
end_of_record
TN:
SF:source/math/subtractSeconds.ts
FN:7,(anonymous_0)
FNF:1
FNH:1
FNDA:4,(anonymous_0)
DA:2,2
DA:7,5
LF:2
LH:2
BRDA:7,0,0,1
BRDA:7,0,1,3
BRF:2
BRH:2
end_of_record
TN:
SF:source/math/subtractTimeframe.ts
FN:7,(anonymous_0)
FNF:1
FNH:1
FNDA:8,(anonymous_0)
DA:1,2
DA:2,2
DA:7,2
DA:9,9
DA:10,9
DA:11,8
LF:6
LH:6
BRDA:9,0,0,1
BRDA:9,0,1,7
BRDA:10,1,0,1
BRDA:10,1,1,7
BRF:4
BRH:4
end_of_record
TN:
SF:source/timeDelta/difference.ts
FN:6,(anonymous_0)
FNF:1
FNH:1
FNDA:1,(anonymous_0)
DA:2,2
DA:3,2
DA:6,2
DA:10,1
LF:4
LH:4
BRF:0
BRH:0
end_of_record
TN:
SF:source/timeDelta/exclusiveRange.ts
FN:4,(anonymous_0)
FNF:1
FNH:0
FNDA:0,(anonymous_0)
DA:1,1
DA:2,1
DA:4,1
DA:7,0
DA:8,0
LF:5
LH:3
BRDA:7,0,0,0
BRDA:7,0,1,0
BRF:2
BRH:0
end_of_record
TN:
SF:source/timeDelta/humanize.ts
FN:8,(anonymous_0)
FN:13,(anonymous_1)
FN:18,(anonymous_2)
FN:25,(anonymous_3)
FN:50,(anonymous_4)
FNF:5
FNH:5
FNDA:10,(anonymous_0)
FNDA:33,(anonymous_1)
FNDA:7,(anonymous_2)
FNDA:15,(anonymous_3)
FNDA:15,(anonymous_4)
DA:1,2
DA:2,2
DA:3,2
DA:4,2
DA:5,2
DA:8,2
DA:9,10
DA:10,10
DA:13,2
DA:14,33
DA:15,33
DA:18,2
DA:19,7
DA:20,5
DA:22,2
DA:25,2
DA:26,15
DA:27,15
DA:28,4
DA:31,11
DA:32,11
DA:33,4
DA:36,7
DA:37,7
DA:38,2
DA:41,5
DA:42,5
DA:50,2
DA:52,15
DA:54,15
DA:55,15
DA:56,15
DA:57,1
DA:59,14
DA:60,7
DA:62,7
LF:36
LH:36
BRDA:19,0,0,5
BRDA:19,0,1,2
BRDA:27,1,0,4
BRDA:27,1,1,11
BRDA:32,2,0,4
BRDA:32,2,1,7
BRDA:37,3,0,2
BRDA:37,3,1,5
BRDA:52,4,0,0
BRDA:52,4,1,15
BRDA:56,5,0,1
BRDA:56,5,1,14
BRDA:59,6,0,7
BRDA:59,6,1,7
BRF:14
BRH:13
end_of_record
TN:
SF:source/timeDelta/inclusiveRange.ts
FN:4,(anonymous_0)
FNF:1
FNH:0
FNDA:0,(anonymous_0)
DA:1,1
DA:2,1
DA:4,1
DA:7,0
DA:8,0
LF:5
LH:3
BRDA:7,0,0,0
BRDA:7,0,1,0
BRF:2
BRH:0
end_of_record
TN:
SF:source/timeDelta/index.ts
FNF:0
FNH:0
DA:1,1
DA:2,1
DA:3,1
DA:4,1
DA:5,1
DA:6,1
DA:7,1
DA:8,1
LF:8
LH:8
BRF:0
BRH:0
end_of_record
TN:
SF:source/timeDelta/isFuture.ts
FN:6,(anonymous_0)
FNF:1
FNH:1
FNDA:17,(anonymous_0)
DA:6,17
LF:1
LH:1
BRF:0
BRH:0
end_of_record
TN:
SF:source/timeDelta/isPast.ts
FN:6,(anonymous_0)
FNF:1
FNH:1
FNDA:3,(anonymous_0)
DA:6,3
LF:1
LH:1
BRDA:7,0,0,3
BRDA:7,0,1,2
BRF:2
BRH:2
end_of_record
TN:
SF:source/timeDelta/range.ts
FN:7,(anonymous_0)
FN:15,(anonymous_1)
FN:16,(anonymous_2)
FN:18,(anonymous_3)
FN:28,TimeDeltaRange
FN:41,(anonymous_5)
FN:50,(anonymous_6)
FN:59,(anonymous_7)
FN:63,(anonymous_8)
FN:67,(anonymous_9)
FN:71,(anonymous_10)
FN:77,(anonymous_11)
FNF:12
FNH:1
FNDA:0,(anonymous_0)
FNDA:0,(anonymous_1)
FNDA:0,(anonymous_2)
FNDA:1,(anonymous_3)
FNDA:0,TimeDeltaRange
FNDA:0,(anonymous_5)
FNDA:0,(anonymous_6)
FNDA:0,(anonymous_7)
FNDA:0,(anonymous_8)
FNDA:0,(anonymous_9)
FNDA:0,(anonymous_10)
FNDA:0,(anonymous_11)
DA:1,1
DA:2,1
DA:7,1
DA:10,0
DA:15,1
DA:16,1
DA:18,1
DA:21,0
DA:22,0
DA:23,0
DA:24,0
DA:25,0
DA:26,0
DA:31,0
DA:32,0
DA:34,0
DA:35,0
DA:36,0
DA:37,0
DA:38,0
DA:41,1
DA:42,0
DA:43,0
DA:44,0
DA:45,0
DA:46,0
DA:50,1
DA:51,0
DA:52,0
DA:53,0
DA:54,0
DA:55,0
DA:56,0
DA:59,1
DA:60,0
DA:63,1
DA:64,0
DA:65,0
DA:67,1
DA:68,0
DA:69,0
DA:71,1
DA:72,0
DA:73,0
DA:75,1
DA:77,1
DA:80,0
DA:81,0
DA:83,0
LF:49
LH:14
BRDA:31,0,0,0
BRDA:31,0,1,0
BRDA:32,1,0,0
BRDA:32,1,1,0
BRDA:42,2,0,0
BRDA:42,2,1,0
BRDA:52,3,0,0
BRDA:52,3,1,0
BRDA:80,4,0,0
BRDA:80,4,1,0
BRDA:81,5,0,0
BRDA:81,5,1,0
BRF:12
BRH:0
end_of_record
TN:
SF:source/timeDelta/timeDelta.ts
FN:6,(anonymous_0)
FN:23,(anonymous_1)
FNF:2
FNH:2
FNDA:30,(anonymous_0)
FNDA:30,(anonymous_1)
DA:1,6
DA:2,6
DA:3,6
DA:4,6
DA:6,6
DA:10,30
DA:11,30
DA:12,30
DA:13,30
DA:14,30
DA:15,30
DA:23,6
DA:25,31
DA:27,30
DA:28,30
DA:29,30
DA:30,30
DA:31,30
DA:32,30
DA:33,30
DA:34,30
DA:35,30
DA:36,30
DA:37,30
DA:38,30
LF:25
LH:25
BRDA:12,0,0,10
BRDA:12,0,1,20
BRDA:13,1,0,10
BRDA:13,1,1,20
BRDA:25,2,0,1
BRDA:25,2,1,29
BRF:6
BRH:6
end_of_record
